# JRE version: OpenJDK Runtime Environment (8.0_112-b06) (build 1.8.0_112-release-b06)
# Java VM: OpenJDK 64-Bit Server VM (25.112-b06 mixed mode windows-amd64 compressed oops)
Heap:
 PSYoungGen      total 169984K, used 19860K [0x00000000eab00000, 0x00000000f8a80000, 0x0000000100000000)
  eden space 153600K, 9% used [0x00000000eab00000,0x00000000eb9a1428,0x00000000f4100000)
  from space 16384K, 29% used [0x00000000f4100000,0x00000000f45c3df8,0x00000000f5100000)
  to   space 26112K, 0% used [0x00000000f7100000,0x00000000f7100000,0x00000000f8a80000)
 ParOldGen       total 100352K, used 61718K [0x00000000c0000000, 0x00000000c6200000, 0x00000000eab00000)
  object space 100352K, 61% used [0x00000000c0000000,0x00000000c3c45870,0x00000000c6200000)
 Metaspace       used 63980K, capacity 66548K, committed 66688K, reserved 1107968K
  class space    used 8404K, capacity 9001K, committed 9088K, reserved 1048576K
GC Heap History (10 events):
Event: 72.333 GC heap before
{Heap before GC invocations=19 (full 3):
 PSYoungGen      total 139776K, used 7345K [0x00000000eab00000, 0x00000000f4180000, 0x0000000100000000)
  eden space 130560K, 0% used [0x00000000eab00000,0x00000000eab00000,0x00000000f2a80000)
  from space 9216K, 79% used [0x00000000f3880000,0x00000000f3fac438,0x00000000f4180000)
  to   space 11776K, 0% used [0x00000000f2a80000,0x00000000f2a80000,0x00000000f3600000)
 ParOldGen       total 32256K, used 26026K [0x00000000c0000000, 0x00000000c1f80000, 0x00000000eab00000)
  object space 32256K, 80% used [0x00000000c0000000,0x00000000c196aa90,0x00000000c1f80000)
 Metaspace       used 51160K, capacity 52404K, committed 52608K, reserved 1095680K
  class space    used 6690K, capacity 6967K, committed 7040K, reserved 1048576K
Event: 72.857 GC heap after
Heap after GC invocations=19 (full 3):
 PSYoungGen      total 139776K, used 0K [0x00000000eab00000, 0x00000000f4180000, 0x0000000100000000)
  eden space 130560K, 0% used [0x00000000eab00000,0x00000000eab00000,0x00000000f2a80000)
  from space 9216K, 0% used [0x00000000f3880000,0x00000000f3880000,0x00000000f4180000)
  to   space 11776K, 0% used [0x00000000f2a80000,0x00000000f2a80000,0x00000000f3600000)
 ParOldGen       total 54272K, used 29941K [0x00000000c0000000, 0x00000000c3500000, 0x00000000eab00000)
  object space 54272K, 55% used [0x00000000c0000000,0x00000000c1d3d768,0x00000000c3500000)
 Metaspace       used 51118K, capacity 52298K, committed 52608K, reserved 1095680K
  class space    used 6678K, capacity 6953K, committed 7040K, reserved 1048576K
}
Event: 87.193 GC heap before
{Heap before GC invocations=20 (full 3):
 PSYoungGen      total 139776K, used 130560K [0x00000000eab00000, 0x00000000f4180000, 0x0000000100000000)
  eden space 130560K, 100% used [0x00000000eab00000,0x00000000f2a80000,0x00000000f2a80000)
  from space 9216K, 0% used [0x00000000f3880000,0x00000000f3880000,0x00000000f4180000)
  to   space 11776K, 0% used [0x00000000f2a80000,0x00000000f2a80000,0x00000000f3600000)
 ParOldGen       total 54272K, used 29941K [0x00000000c0000000, 0x00000000c3500000, 0x00000000eab00000)
  object space 54272K, 55% used [0x00000000c0000000,0x00000000c1d3d768,0x00000000c3500000)
 Metaspace       used 56471K, capacity 58276K, committed 58496K, reserved 1099776K
  class space    used 7521K, capacity 7967K, committed 8064K, reserved 1048576K
Event: 87.268 GC heap after
Heap after GC invocations=20 (full 3):
 PSYoungGen      total 142336K, used 11765K [0x00000000eab00000, 0x00000000f6100000, 0x0000000100000000)
  eden space 130560K, 0% used [0x00000000eab00000,0x00000000eab00000,0x00000000f2a80000)
  from space 11776K, 99% used [0x00000000f2a80000,0x00000000f35fd7b8,0x00000000f3600000)
  to   space 14848K, 0% used [0x00000000f5280000,0x00000000f5280000,0x00000000f6100000)
 ParOldGen       total 54272K, used 32580K [0x00000000c0000000, 0x00000000c3500000, 0x00000000eab00000)
  object space 54272K, 60% used [0x00000000c0000000,0x00000000c1fd1238,0x00000000c3500000)
 Metaspace       used 56471K, capacity 58276K, committed 58496K, reserved 1099776K
  class space    used 7521K, capacity 7967K, committed 8064K, reserved 1048576K
}
Event: 151.923 GC heap before
{Heap before GC invocations=21 (full 3):
 PSYoungGen      total 142336K, used 142325K [0x00000000eab00000, 0x00000000f6100000, 0x0000000100000000)
  eden space 130560K, 100% used [0x00000000eab00000,0x00000000f2a80000,0x00000000f2a80000)
  from space 11776K, 99% used [0x00000000f2a80000,0x00000000f35fd7b8,0x00000000f3600000)
  to   space 14848K, 0% used [0x00000000f5280000,0x00000000f5280000,0x00000000f6100000)
 ParOldGen       total 54272K, used 32580K [0x00000000c0000000, 0x00000000c3500000, 0x00000000eab00000)
  object space 54272K, 60% used [0x00000000c0000000,0x00000000c1fd1238,0x00000000c3500000)
 Metaspace       used 61535K, capacity 63986K, committed 64128K, reserved 1103872K
  class space    used 8167K, capacity 8738K, committed 8832K, reserved 1048576K
Event: 152.030 GC heap after
Heap after GC invocations=21 (full 3):
 PSYoungGen      total 168448K, used 13036K [0x00000000eab00000, 0x00000000f6100000, 0x0000000100000000)
  eden space 153600K, 0% used [0x00000000eab00000,0x00000000eab00000,0x00000000f4100000)
  from space 14848K, 87% used [0x00000000f5280000,0x00000000f5f3b350,0x00000000f6100000)
  to   space 16384K, 0% used [0x00000000f4100000,0x00000000f4100000,0x00000000f5100000)
 ParOldGen       total 54272K, used 43818K [0x00000000c0000000, 0x00000000c3500000, 0x00000000eab00000)
  object space 54272K, 80% used [0x00000000c0000000,0x00000000c2acaaa8,0x00000000c3500000)
 Metaspace       used 61535K, capacity 63986K, committed 64128K, reserved 1103872K
  class space    used 8167K, capacity 8738K, committed 8832K, reserved 1048576K
}
Event: 266.185 GC heap before
{Heap before GC invocations=22 (full 3):
 PSYoungGen      total 168448K, used 166636K [0x00000000eab00000, 0x00000000f6100000, 0x0000000100000000)
  eden space 153600K, 100% used [0x00000000eab00000,0x00000000f4100000,0x00000000f4100000)
  from space 14848K, 87% used [0x00000000f5280000,0x00000000f5f3b350,0x00000000f6100000)
  to   space 16384K, 0% used [0x00000000f4100000,0x00000000f4100000,0x00000000f5100000)
 ParOldGen       total 54272K, used 43818K [0x00000000c0000000, 0x00000000c3500000, 0x00000000eab00000)
  object space 54272K, 80% used [0x00000000c0000000,0x00000000c2acaaa8,0x00000000c3500000)
 Metaspace       used 63966K, capacity 66548K, committed 66688K, reserved 1107968K
  class space    used 8404K, capacity 9001K, committed 9088K, reserved 1048576K
Event: 266.290 GC heap after
Heap after GC invocations=22 (full 3):
 PSYoungGen      total 169984K, used 16370K [0x00000000eab00000, 0x00000000f8a80000, 0x0000000100000000)
  eden space 153600K, 0% used [0x00000000eab00000,0x00000000eab00000,0x00000000f4100000)
  from space 16384K, 99% used [0x00000000f4100000,0x00000000f50fc928,0x00000000f5100000)
  to   space 26112K, 0% used [0x00000000f7100000,0x00000000f7100000,0x00000000f8a80000)
 ParOldGen       total 61952K, used 61866K [0x00000000c0000000, 0x00000000c3c80000, 0x00000000eab00000)
  object space 61952K, 99% used [0x00000000c0000000,0x00000000c3c6a910,0x00000000c3c80000)
 Metaspace       used 63966K, capacity 66548K, committed 66688K, reserved 1107968K
  class space    used 8404K, capacity 9001K, committed 9088K, reserved 1048576K
}
Event: 266.292 GC heap before
{Heap before GC invocations=23 (full 4):
 PSYoungGen      total 169984K, used 16370K [0x00000000eab00000, 0x00000000f8a80000, 0x0000000100000000)
  eden space 153600K, 0% used [0x00000000eab00000,0x00000000eab00000,0x00000000f4100000)
  from space 16384K, 99% used [0x00000000f4100000,0x00000000f50fc928,0x00000000f5100000)
  to   space 26112K, 0% used [0x00000000f7100000,0x00000000f7100000,0x00000000f8a80000)
 ParOldGen       total 61952K, used 61866K [0x00000000c0000000, 0x00000000c3c80000, 0x00000000eab00000)
  object space 61952K, 99% used [0x00000000c0000000,0x00000000c3c6a910,0x00000000c3c80000)
 Metaspace       used 63966K, capacity 66548K, committed 66688K, reserved 1107968K
  class space    used 8404K, capacity 9001K, committed 9088K, reserved 1048576K
Event: 267.431 GC heap after
Heap after GC invocations=23 (full 4):
 PSYoungGen      total 169984K, used 4879K [0x00000000eab00000, 0x00000000f8a80000, 0x0000000100000000)
  eden space 153600K, 0% used [0x00000000eab00000,0x00000000eab00000,0x00000000f4100000)
  from space 16384K, 29% used [0x00000000f4100000,0x00000000f45c3df8,0x00000000f5100000)
  to   space 26112K, 0% used [0x00000000f7100000,0x00000000f7100000,0x00000000f8a80000)
 ParOldGen       total 100352K, used 61718K [0x00000000c0000000, 0x00000000c6200000, 0x00000000eab00000)
  object space 100352K, 61% used [0x00000000c0000000,0x00000000c3c45870,0x00000000c6200000)
 Metaspace       used 63966K, capacity 66548K, committed 66688K, reserved 1107968K
  class space    used 8404K, capacity 9001K, committed 9088K, reserved 1048576K
}

