# JRE version: OpenJDK Runtime Environment (8.0_112-b06) (build 1.8.0_112-release-b06)
# Java VM: OpenJDK 64-Bit Server VM (25.112-b06 mixed mode windows-amd64 compressed oops)
Heap:
 PSYoungGen      total 98816K, used 72638K [0x00000000eab00000, 0x00000000f1980000, 0x0000000100000000)
  eden space 87040K, 75% used [0x00000000eab00000,0x00000000eeb2bc38,0x00000000f0000000)
  from space 11776K, 58% used [0x00000000f0000000,0x00000000f06c3d98,0x00000000f0b80000)
  to   space 8704K, 0% used [0x00000000f0b80000,0x00000000f0b80000,0x00000000f1400000)
 ParOldGen       total 43520K, used 18478K [0x00000000c0000000, 0x00000000c2a80000, 0x00000000eab00000)
  object space 43520K, 42% used [0x00000000c0000000,0x00000000c120bac0,0x00000000c2a80000)
 Metaspace       used 44417K, capacity 45310K, committed 45696K, reserved 1089536K
  class space    used 5765K, capacity 5987K, committed 6016K, reserved 1048576K
GC Heap History (10 events):
Event: 13.684 GC heap before
{Heap before GC invocations=9 (full 1):
 PSYoungGen      total 73728K, used 6118K [0x00000000eab00000, 0x00000000efc00000, 0x0000000100000000)
  eden space 67584K, 0% used [0x00000000eab00000,0x00000000eab00000,0x00000000eed00000)
  from space 6144K, 99% used [0x00000000ef400000,0x00000000ef9f9bd0,0x00000000efa00000)
  to   space 7168K, 0% used [0x00000000eed00000,0x00000000eed00000,0x00000000ef400000)
 ParOldGen       total 22016K, used 8814K [0x00000000c0000000, 0x00000000c1580000, 0x00000000eab00000)
  object space 22016K, 40% used [0x00000000c0000000,0x00000000c089bac8,0x00000000c1580000)
 Metaspace       used 20746K, capacity 21228K, committed 21296K, reserved 1067008K
  class space    used 2804K, capacity 2920K, committed 2944K, reserved 1048576K
Event: 13.796 GC heap after
Heap after GC invocations=9 (full 1):
 PSYoungGen      total 73728K, used 0K [0x00000000eab00000, 0x00000000efc00000, 0x0000000100000000)
  eden space 67584K, 0% used [0x00000000eab00000,0x00000000eab00000,0x00000000eed00000)
  from space 6144K, 0% used [0x00000000ef400000,0x00000000ef400000,0x00000000efa00000)
  to   space 7168K, 0% used [0x00000000eed00000,0x00000000eed00000,0x00000000ef400000)
 ParOldGen       total 25600K, used 9524K [0x00000000c0000000, 0x00000000c1900000, 0x00000000eab00000)
  object space 25600K, 37% used [0x00000000c0000000,0x00000000c094d1e0,0x00000000c1900000)
 Metaspace       used 20720K, capacity 21140K, committed 21296K, reserved 1067008K
  class space    used 2796K, capacity 2912K, committed 2944K, reserved 1048576K
}
Event: 19.863 GC heap before
{Heap before GC invocations=10 (full 1):
 PSYoungGen      total 73728K, used 67584K [0x00000000eab00000, 0x00000000efc00000, 0x0000000100000000)
  eden space 67584K, 100% used [0x00000000eab00000,0x00000000eed00000,0x00000000eed00000)
  from space 6144K, 0% used [0x00000000ef400000,0x00000000ef400000,0x00000000efa00000)
  to   space 7168K, 0% used [0x00000000eed00000,0x00000000eed00000,0x00000000ef400000)
 ParOldGen       total 25600K, used 9524K [0x00000000c0000000, 0x00000000c1900000, 0x00000000eab00000)
  object space 25600K, 37% used [0x00000000c0000000,0x00000000c094d1e0,0x00000000c1900000)
 Metaspace       used 27876K, capacity 28346K, committed 28544K, reserved 1073152K
  class space    used 3667K, capacity 3854K, committed 3968K, reserved 1048576K
Event: 19.888 GC heap after
Heap after GC invocations=10 (full 1):
 PSYoungGen      total 74752K, used 7144K [0x00000000eab00000, 0x00000000f1400000, 0x0000000100000000)
  eden space 67584K, 0% used [0x00000000eab00000,0x00000000eab00000,0x00000000eed00000)
  from space 7168K, 99% used [0x00000000eed00000,0x00000000ef3fa248,0x00000000ef400000)
  to   space 8704K, 0% used [0x00000000f0b80000,0x00000000f0b80000,0x00000000f1400000)
 ParOldGen       total 25600K, used 10648K [0x00000000c0000000, 0x00000000c1900000, 0x00000000eab00000)
  object space 25600K, 41% used [0x00000000c0000000,0x00000000c0a663b8,0x00000000c1900000)
 Metaspace       used 27876K, capacity 28346K, committed 28544K, reserved 1073152K
  class space    used 3667K, capacity 3854K, committed 3968K, reserved 1048576K
}
Event: 24.464 GC heap before
{Heap before GC invocations=11 (full 1):
 PSYoungGen      total 74752K, used 73800K [0x00000000eab00000, 0x00000000f1400000, 0x0000000100000000)
  eden space 67584K, 98% used [0x00000000eab00000,0x00000000eec18148,0x00000000eed00000)
  from space 7168K, 99% used [0x00000000eed00000,0x00000000ef3fa248,0x00000000ef400000)
  to   space 8704K, 0% used [0x00000000f0b80000,0x00000000f0b80000,0x00000000f1400000)
 ParOldGen       total 25600K, used 10648K [0x00000000c0000000, 0x00000000c1900000, 0x00000000eab00000)
  object space 25600K, 41% used [0x00000000c0000000,0x00000000c0a663b8,0x00000000c1900000)
 Metaspace       used 34750K, capacity 35404K, committed 35496K, reserved 1079296K
  class space    used 4666K, capacity 4853K, committed 4864K, reserved 1048576K
Event: 24.505 GC heap after
Heap after GC invocations=11 (full 1):
 PSYoungGen      total 95744K, used 8676K [0x00000000eab00000, 0x00000000f1980000, 0x0000000100000000)
  eden space 87040K, 0% used [0x00000000eab00000,0x00000000eab00000,0x00000000f0000000)
  from space 8704K, 99% used [0x00000000f0b80000,0x00000000f13f9040,0x00000000f1400000)
  to   space 11776K, 0% used [0x00000000f0000000,0x00000000f0000000,0x00000000f0b80000)
 ParOldGen       total 25600K, used 15050K [0x00000000c0000000, 0x00000000c1900000, 0x00000000eab00000)
  object space 25600K, 58% used [0x00000000c0000000,0x00000000c0eb2890,0x00000000c1900000)
 Metaspace       used 34750K, capacity 35404K, committed 35496K, reserved 1079296K
  class space    used 4666K, capacity 4853K, committed 4864K, reserved 1048576K
}
Event: 24.505 GC heap before
{Heap before GC invocations=12 (full 2):
 PSYoungGen      total 95744K, used 8676K [0x00000000eab00000, 0x00000000f1980000, 0x0000000100000000)
  eden space 87040K, 0% used [0x00000000eab00000,0x00000000eab00000,0x00000000f0000000)
  from space 8704K, 99% used [0x00000000f0b80000,0x00000000f13f9040,0x00000000f1400000)
  to   space 11776K, 0% used [0x00000000f0000000,0x00000000f0000000,0x00000000f0b80000)
 ParOldGen       total 25600K, used 15050K [0x00000000c0000000, 0x00000000c1900000, 0x00000000eab00000)
  object space 25600K, 58% used [0x00000000c0000000,0x00000000c0eb2890,0x00000000c1900000)
 Metaspace       used 34750K, capacity 35404K, committed 35496K, reserved 1079296K
  class space    used 4666K, capacity 4853K, committed 4864K, reserved 1048576K
Event: 24.746 GC heap after
Heap after GC invocations=12 (full 2):
 PSYoungGen      total 95744K, used 0K [0x00000000eab00000, 0x00000000f1980000, 0x0000000100000000)
  eden space 87040K, 0% used [0x00000000eab00000,0x00000000eab00000,0x00000000f0000000)
  from space 8704K, 0% used [0x00000000f0b80000,0x00000000f0b80000,0x00000000f1400000)
  to   space 11776K, 0% used [0x00000000f0000000,0x00000000f0000000,0x00000000f0b80000)
 ParOldGen       total 43520K, used 18478K [0x00000000c0000000, 0x00000000c2a80000, 0x00000000eab00000)
  object space 43520K, 42% used [0x00000000c0000000,0x00000000c120bac0,0x00000000c2a80000)
 Metaspace       used 34705K, capacity 35350K, committed 35496K, reserved 1079296K
  class space    used 4651K, capacity 4835K, committed 4864K, reserved 1048576K
}
Event: 33.992 GC heap before
{Heap before GC invocations=13 (full 2):
 PSYoungGen      total 95744K, used 87040K [0x00000000eab00000, 0x00000000f1980000, 0x0000000100000000)
  eden space 87040K, 100% used [0x00000000eab00000,0x00000000f0000000,0x00000000f0000000)
  from space 8704K, 0% used [0x00000000f0b80000,0x00000000f0b80000,0x00000000f1400000)
  to   space 11776K, 0% used [0x00000000f0000000,0x00000000f0000000,0x00000000f0b80000)
 ParOldGen       total 43520K, used 18478K [0x00000000c0000000, 0x00000000c2a80000, 0x00000000eab00000)
  object space 43520K, 42% used [0x00000000c0000000,0x00000000c120bac0,0x00000000c2a80000)
 Metaspace       used 41147K, capacity 42010K, committed 42240K, reserved 1085440K
  class space    used 5355K, capacity 5583K, committed 5632K, reserved 1048576K
Event: 34.029 GC heap after
Heap after GC invocations=13 (full 2):
 PSYoungGen      total 98816K, used 6927K [0x00000000eab00000, 0x00000000f1980000, 0x0000000100000000)
  eden space 87040K, 0% used [0x00000000eab00000,0x00000000eab00000,0x00000000f0000000)
  from space 11776K, 58% used [0x00000000f0000000,0x00000000f06c3d98,0x00000000f0b80000)
  to   space 8704K, 0% used [0x00000000f0b80000,0x00000000f0b80000,0x00000000f1400000)
 ParOldGen       total 43520K, used 18478K [0x00000000c0000000, 0x00000000c2a80000, 0x00000000eab00000)
  object space 43520K, 42% used [0x00000000c0000000,0x00000000c120bac0,0x00000000c2a80000)
 Metaspace       used 41147K, capacity 42010K, committed 42240K, reserved 1085440K
  class space    used 5355K, capacity 5583K, committed 5632K, reserved 1048576K
}

