# JRE version: OpenJDK Runtime Environment (8.0_112-b06) (build 1.8.0_112-release-b06)
# Java VM: OpenJDK 64-Bit Server VM (25.112-b06 mixed mode windows-amd64 compressed oops)
Heap:
 PSYoungGen      total 73216K, used 69671K [0x00000000eab00000, 0x00000000efb80000, 0x0000000100000000)
  eden space 65024K, 98% used [0x00000000eab00000,0x00000000ee942d28,0x00000000eea80000)
  from space 8192K, 72% used [0x00000000ef300000,0x00000000ef8c7240,0x00000000efb00000)
  to   space 8704K, 0% used [0x00000000eea80000,0x00000000eea80000,0x00000000ef300000)
 ParOldGen       total 29696K, used 29450K [0x00000000c0000000, 0x00000000c1d00000, 0x00000000eab00000)
  object space 29696K, 99% used [0x00000000c0000000,0x00000000c1cc2900,0x00000000c1d00000)
 Metaspace       used 51869K, capacity 53380K, committed 53632K, reserved 1095680K
  class space    used 6906K, capacity 7238K, committed 7296K, reserved 1048576K
GC Heap History (10 events):
Event: 62309.679 GC heap before
{Heap before GC invocations=25 (full 2):
 PSYoungGen      total 47104K, used 47094K [0x00000000eab00000, 0x00000000ef000000, 0x0000000100000000)
  eden space 42496K, 100% used [0x00000000eab00000,0x00000000ed480000,0x00000000ed480000)
  from space 4608K, 99% used [0x00000000edc00000,0x00000000ee07d890,0x00000000ee080000)
  to   space 7680K, 0% used [0x00000000ed480000,0x00000000ed480000,0x00000000edc00000)
 ParOldGen       total 28672K, used 17844K [0x00000000c0000000, 0x00000000c1c00000, 0x00000000eab00000)
  object space 28672K, 62% used [0x00000000c0000000,0x00000000c116d0c0,0x00000000c1c00000)
 Metaspace       used 43346K, capacity 44192K, committed 44416K, reserved 1087488K
  class space    used 5764K, capacity 5946K, committed 6016K, reserved 1048576K
Event: 62309.709 GC heap after
Heap after GC invocations=25 (full 2):
 PSYoungGen      total 50176K, used 2733K [0x00000000eab00000, 0x00000000eee80000, 0x0000000100000000)
  eden space 42496K, 0% used [0x00000000eab00000,0x00000000eab00000,0x00000000ed480000)
  from space 7680K, 35% used [0x00000000ed480000,0x00000000ed72b7c0,0x00000000edc00000)
  to   space 7168K, 0% used [0x00000000ee780000,0x00000000ee780000,0x00000000eee80000)
 ParOldGen       total 28672K, used 21384K [0x00000000c0000000, 0x00000000c1c00000, 0x00000000eab00000)
  object space 28672K, 74% used [0x00000000c0000000,0x00000000c14e20d0,0x00000000c1c00000)
 Metaspace       used 43346K, capacity 44192K, committed 44416K, reserved 1087488K
  class space    used 5764K, capacity 5946K, committed 6016K, reserved 1048576K
}
Event: 62315.741 GC heap before
{Heap before GC invocations=26 (full 2):
 PSYoungGen      total 50176K, used 45229K [0x00000000eab00000, 0x00000000eee80000, 0x0000000100000000)
  eden space 42496K, 100% used [0x00000000eab00000,0x00000000ed480000,0x00000000ed480000)
  from space 7680K, 35% used [0x00000000ed480000,0x00000000ed72b7c0,0x00000000edc00000)
  to   space 7168K, 0% used [0x00000000ee780000,0x00000000ee780000,0x00000000eee80000)
 ParOldGen       total 28672K, used 21384K [0x00000000c0000000, 0x00000000c1c00000, 0x00000000eab00000)
  object space 28672K, 74% used [0x00000000c0000000,0x00000000c14e20d0,0x00000000c1c00000)
 Metaspace       used 45503K, capacity 46536K, committed 46720K, reserved 1089536K
  class space    used 6028K, capacity 6268K, committed 6272K, reserved 1048576K
Event: 62315.761 GC heap after
Heap after GC invocations=26 (full 2):
 PSYoungGen      total 60928K, used 3908K [0x00000000eab00000, 0x00000000eee00000, 0x0000000100000000)
  eden space 54272K, 0% used [0x00000000eab00000,0x00000000eab00000,0x00000000ee000000)
  from space 6656K, 58% used [0x00000000ee780000,0x00000000eeb51390,0x00000000eee00000)
  to   space 7168K, 0% used [0x00000000ee000000,0x00000000ee000000,0x00000000ee700000)
 ParOldGen       total 28672K, used 22174K [0x00000000c0000000, 0x00000000c1c00000, 0x00000000eab00000)
  object space 28672K, 77% used [0x00000000c0000000,0x00000000c15a79a0,0x00000000c1c00000)
 Metaspace       used 45503K, capacity 46536K, committed 46720K, reserved 1089536K
  class space    used 6028K, capacity 6268K, committed 6272K, reserved 1048576K
}
Event: 62324.172 GC heap before
{Heap before GC invocations=27 (full 2):
 PSYoungGen      total 60928K, used 58180K [0x00000000eab00000, 0x00000000eee00000, 0x0000000100000000)
  eden space 54272K, 100% used [0x00000000eab00000,0x00000000ee000000,0x00000000ee000000)
  from space 6656K, 58% used [0x00000000ee780000,0x00000000eeb51390,0x00000000eee00000)
  to   space 7168K, 0% used [0x00000000ee000000,0x00000000ee000000,0x00000000ee700000)
 ParOldGen       total 28672K, used 22174K [0x00000000c0000000, 0x00000000c1c00000, 0x00000000eab00000)
  object space 28672K, 77% used [0x00000000c0000000,0x00000000c15a79a0,0x00000000c1c00000)
 Metaspace       used 48078K, capacity 49484K, committed 49536K, reserved 1091584K
  class space    used 6433K, capacity 6770K, committed 6784K, reserved 1048576K
Event: 62324.251 GC heap after
Heap after GC invocations=27 (full 2):
 PSYoungGen      total 61440K, used 6483K [0x00000000eab00000, 0x00000000efb00000, 0x0000000100000000)
  eden space 54272K, 0% used [0x00000000eab00000,0x00000000eab00000,0x00000000ee000000)
  from space 7168K, 90% used [0x00000000ee000000,0x00000000ee654db0,0x00000000ee700000)
  to   space 8192K, 0% used [0x00000000ef300000,0x00000000ef300000,0x00000000efb00000)
 ParOldGen       total 28672K, used 24318K [0x00000000c0000000, 0x00000000c1c00000, 0x00000000eab00000)
  object space 28672K, 84% used [0x00000000c0000000,0x00000000c17bfb10,0x00000000c1c00000)
 Metaspace       used 48078K, capacity 49484K, committed 49536K, reserved 1091584K
  class space    used 6433K, capacity 6770K, committed 6784K, reserved 1048576K
}
Event: 62410.291 GC heap before
{Heap before GC invocations=28 (full 2):
 PSYoungGen      total 61440K, used 60755K [0x00000000eab00000, 0x00000000efb00000, 0x0000000100000000)
  eden space 54272K, 100% used [0x00000000eab00000,0x00000000ee000000,0x00000000ee000000)
  from space 7168K, 90% used [0x00000000ee000000,0x00000000ee654db0,0x00000000ee700000)
  to   space 8192K, 0% used [0x00000000ef300000,0x00000000ef300000,0x00000000efb00000)
 ParOldGen       total 28672K, used 24318K [0x00000000c0000000, 0x00000000c1c00000, 0x00000000eab00000)
  object space 28672K, 84% used [0x00000000c0000000,0x00000000c17bfb10,0x00000000c1c00000)
 Metaspace       used 51478K, capacity 53022K, committed 53376K, reserved 1095680K
  class space    used 6882K, capacity 7205K, committed 7296K, reserved 1048576K
Event: 62410.676 GC heap after
Heap after GC invocations=28 (full 2):
 PSYoungGen      total 73216K, used 7133K [0x00000000eab00000, 0x00000000efb80000, 0x0000000100000000)
  eden space 65024K, 0% used [0x00000000eab00000,0x00000000eab00000,0x00000000eea80000)
  from space 8192K, 87% used [0x00000000ef300000,0x00000000ef9f7788,0x00000000efb00000)
  to   space 8704K, 0% used [0x00000000eea80000,0x00000000eea80000,0x00000000ef300000)
 ParOldGen       total 29696K, used 29432K [0x00000000c0000000, 0x00000000c1d00000, 0x00000000eab00000)
  object space 29696K, 99% used [0x00000000c0000000,0x00000000c1cbe360,0x00000000c1d00000)
 Metaspace       used 51478K, capacity 53022K, committed 53376K, reserved 1095680K
  class space    used 6882K, capacity 7205K, committed 7296K, reserved 1048576K
}
Event: 62410.676 GC heap before
{Heap before GC invocations=29 (full 3):
 PSYoungGen      total 73216K, used 7133K [0x00000000eab00000, 0x00000000efb80000, 0x0000000100000000)
  eden space 65024K, 0% used [0x00000000eab00000,0x00000000eab00000,0x00000000eea80000)
  from space 8192K, 87% used [0x00000000ef300000,0x00000000ef9f7788,0x00000000efb00000)
  to   space 8704K, 0% used [0x00000000eea80000,0x00000000eea80000,0x00000000ef300000)
 ParOldGen       total 29696K, used 29432K [0x00000000c0000000, 0x00000000c1d00000, 0x00000000eab00000)
  object space 29696K, 99% used [0x00000000c0000000,0x00000000c1cbe360,0x00000000c1d00000)
 Metaspace       used 51478K, capacity 53022K, committed 53376K, reserved 1095680K
  class space    used 6882K, capacity 7205K, committed 7296K, reserved 1048576K
Event: 62412.626 GC heap after
Heap after GC invocations=29 (full 3):
 PSYoungGen      total 73216K, used 5916K [0x00000000eab00000, 0x00000000efb80000, 0x0000000100000000)
  eden space 65024K, 0% used [0x00000000eab00000,0x00000000eab00000,0x00000000eea80000)
  from space 8192K, 72% used [0x00000000ef300000,0x00000000ef8c7240,0x00000000efb00000)
  to   space 8704K, 0% used [0x00000000eea80000,0x00000000eea80000,0x00000000ef300000)
 ParOldGen       total 29696K, used 29450K [0x00000000c0000000, 0x00000000c1d00000, 0x00000000eab00000)
  object space 29696K, 99% used [0x00000000c0000000,0x00000000c1cc2900,0x00000000c1d00000)
 Metaspace       used 51478K, capacity 53022K, committed 53376K, reserved 1095680K
  class space    used 6882K, capacity 7205K, committed 7296K, reserved 1048576K
}

