# JRE version: OpenJDK Runtime Environment (8.0_112-b06) (build 1.8.0_112-release-b06)
# Java VM: OpenJDK 64-Bit Server VM (25.112-b06 mixed mode windows-amd64 compressed oops)
Heap:
 PSYoungGen      total 125952K, used 6950K [0x00000000eab00000, 0x00000000f4000000, 0x0000000100000000)
  eden space 108032K, 1% used [0x00000000eab00000,0x00000000eac6ccf8,0x00000000f1480000)
  from space 17920K, 30% used [0x00000000f1480000,0x00000000f19dcc40,0x00000000f2600000)
  to   space 16896K, 0% used [0x00000000f2f80000,0x00000000f2f80000,0x00000000f4000000)
 ParOldGen       total 89088K, used 45047K [0x00000000c0000000, 0x00000000c5700000, 0x00000000eab00000)
  object space 89088K, 50% used [0x00000000c0000000,0x00000000c2bfdf60,0x00000000c5700000)
 Metaspace       used 56742K, capacity 58488K, committed 58752K, reserved 1099776K
  class space    used 7338K, capacity 7747K, committed 7808K, reserved 1048576K
GC Heap History (10 events):
Event: 384.165 GC heap before
{Heap before GC invocations=27 (full 3):
 PSYoungGen      total 101376K, used 101370K [0x00000000eab00000, 0x00000000f2c00000, 0x0000000100000000)
  eden space 88576K, 100% used [0x00000000eab00000,0x00000000f0180000,0x00000000f0180000)
  from space 12800K, 99% used [0x00000000f0180000,0x00000000f0dfe960,0x00000000f0e00000)
  to   space 15360K, 0% used [0x00000000f1d00000,0x00000000f1d00000,0x00000000f2c00000)
 ParOldGen       total 66048K, used 35471K [0x00000000c0000000, 0x00000000c4080000, 0x00000000eab00000)
  object space 66048K, 53% used [0x00000000c0000000,0x00000000c22a3f88,0x00000000c4080000)
 Metaspace       used 54117K, capacity 55712K, committed 55936K, reserved 1097728K
  class space    used 7141K, capacity 7485K, committed 7552K, reserved 1048576K
Event: 384.228 GC heap after
Heap after GC invocations=27 (full 3):
 PSYoungGen      total 111616K, used 4639K [0x00000000eab00000, 0x00000000f2900000, 0x0000000100000000)
  eden space 99328K, 0% used [0x00000000eab00000,0x00000000eab00000,0x00000000f0c00000)
  from space 12288K, 37% used [0x00000000f1d00000,0x00000000f2187c48,0x00000000f2900000)
  to   space 14848K, 0% used [0x00000000f0c00000,0x00000000f0c00000,0x00000000f1a80000)
 ParOldGen       total 66048K, used 48130K [0x00000000c0000000, 0x00000000c4080000, 0x00000000eab00000)
  object space 66048K, 72% used [0x00000000c0000000,0x00000000c2f00940,0x00000000c4080000)
 Metaspace       used 54117K, capacity 55712K, committed 55936K, reserved 1097728K
  class space    used 7141K, capacity 7485K, committed 7552K, reserved 1048576K
}
Event: 411.366 GC heap before
{Heap before GC invocations=28 (full 3):
 PSYoungGen      total 111616K, used 103967K [0x00000000eab00000, 0x00000000f2900000, 0x0000000100000000)
  eden space 99328K, 100% used [0x00000000eab00000,0x00000000f0c00000,0x00000000f0c00000)
  from space 12288K, 37% used [0x00000000f1d00000,0x00000000f2187c48,0x00000000f2900000)
  to   space 14848K, 0% used [0x00000000f0c00000,0x00000000f0c00000,0x00000000f1a80000)
 ParOldGen       total 66048K, used 48130K [0x00000000c0000000, 0x00000000c4080000, 0x00000000eab00000)
  object space 66048K, 72% used [0x00000000c0000000,0x00000000c2f00940,0x00000000c4080000)
 Metaspace       used 54625K, capacity 56234K, committed 56448K, reserved 1097728K
  class space    used 7176K, capacity 7524K, committed 7552K, reserved 1048576K
Event: 411.409 GC heap after
Heap after GC invocations=28 (full 3):
 PSYoungGen      total 114176K, used 14818K [0x00000000eab00000, 0x00000000f3880000, 0x0000000100000000)
  eden space 99328K, 0% used [0x00000000eab00000,0x00000000eab00000,0x00000000f0c00000)
  from space 14848K, 99% used [0x00000000f0c00000,0x00000000f1a78990,0x00000000f1a80000)
  to   space 18944K, 0% used [0x00000000f2600000,0x00000000f2600000,0x00000000f3880000)
 ParOldGen       total 66048K, used 52847K [0x00000000c0000000, 0x00000000c4080000, 0x00000000eab00000)
  object space 66048K, 80% used [0x00000000c0000000,0x00000000c339be70,0x00000000c4080000)
 Metaspace       used 54625K, capacity 56234K, committed 56448K, reserved 1097728K
  class space    used 7176K, capacity 7524K, committed 7552K, reserved 1048576K
}
Event: 413.621 GC heap before
{Heap before GC invocations=29 (full 3):
 PSYoungGen      total 114176K, used 114146K [0x00000000eab00000, 0x00000000f3880000, 0x0000000100000000)
  eden space 99328K, 100% used [0x00000000eab00000,0x00000000f0c00000,0x00000000f0c00000)
  from space 14848K, 99% used [0x00000000f0c00000,0x00000000f1a78990,0x00000000f1a80000)
  to   space 18944K, 0% used [0x00000000f2600000,0x00000000f2600000,0x00000000f3880000)
 ParOldGen       total 66048K, used 52847K [0x00000000c0000000, 0x00000000c4080000, 0x00000000eab00000)
  object space 66048K, 80% used [0x00000000c0000000,0x00000000c339be70,0x00000000c4080000)
 Metaspace       used 54792K, capacity 56426K, committed 56704K, reserved 1097728K
  class space    used 7178K, capacity 7524K, committed 7552K, reserved 1048576K
Event: 413.655 GC heap after
Heap after GC invocations=29 (full 3):
 PSYoungGen      total 126976K, used 7283K [0x00000000eab00000, 0x00000000f3880000, 0x0000000100000000)
  eden space 108032K, 0% used [0x00000000eab00000,0x00000000eab00000,0x00000000f1480000)
  from space 18944K, 38% used [0x00000000f2600000,0x00000000f2d1cd70,0x00000000f3880000)
  to   space 17920K, 0% used [0x00000000f1480000,0x00000000f1480000,0x00000000f2600000)
 ParOldGen       total 66048K, used 57226K [0x00000000c0000000, 0x00000000c4080000, 0x00000000eab00000)
  object space 66048K, 86% used [0x00000000c0000000,0x00000000c37e2b08,0x00000000c4080000)
 Metaspace       used 54792K, capacity 56426K, committed 56704K, reserved 1097728K
  class space    used 7178K, capacity 7524K, committed 7552K, reserved 1048576K
}
Event: 413.656 GC heap before
{Heap before GC invocations=30 (full 4):
 PSYoungGen      total 126976K, used 7283K [0x00000000eab00000, 0x00000000f3880000, 0x0000000100000000)
  eden space 108032K, 0% used [0x00000000eab00000,0x00000000eab00000,0x00000000f1480000)
  from space 18944K, 38% used [0x00000000f2600000,0x00000000f2d1cd70,0x00000000f3880000)
  to   space 17920K, 0% used [0x00000000f1480000,0x00000000f1480000,0x00000000f2600000)
 ParOldGen       total 66048K, used 57226K [0x00000000c0000000, 0x00000000c4080000, 0x00000000eab00000)
  object space 66048K, 86% used [0x00000000c0000000,0x00000000c37e2b08,0x00000000c4080000)
 Metaspace       used 54792K, capacity 56426K, committed 56704K, reserved 1097728K
  class space    used 7178K, capacity 7524K, committed 7552K, reserved 1048576K
Event: 414.004 GC heap after
Heap after GC invocations=30 (full 4):
 PSYoungGen      total 126976K, used 0K [0x00000000eab00000, 0x00000000f3880000, 0x0000000100000000)
  eden space 108032K, 0% used [0x00000000eab00000,0x00000000eab00000,0x00000000f1480000)
  from space 18944K, 0% used [0x00000000f2600000,0x00000000f2600000,0x00000000f3880000)
  to   space 17920K, 0% used [0x00000000f1480000,0x00000000f1480000,0x00000000f2600000)
 ParOldGen       total 89088K, used 45047K [0x00000000c0000000, 0x00000000c5700000, 0x00000000eab00000)
  object space 89088K, 50% used [0x00000000c0000000,0x00000000c2bfdf60,0x00000000c5700000)
 Metaspace       used 54790K, capacity 56420K, committed 56704K, reserved 1097728K
  class space    used 7178K, capacity 7523K, committed 7552K, reserved 1048576K
}
Event: 979.007 GC heap before
{Heap before GC invocations=31 (full 4):
 PSYoungGen      total 126976K, used 108032K [0x00000000eab00000, 0x00000000f3880000, 0x0000000100000000)
  eden space 108032K, 100% used [0x00000000eab00000,0x00000000f1480000,0x00000000f1480000)
  from space 18944K, 0% used [0x00000000f2600000,0x00000000f2600000,0x00000000f3880000)
  to   space 17920K, 0% used [0x00000000f1480000,0x00000000f1480000,0x00000000f2600000)
 ParOldGen       total 89088K, used 45047K [0x00000000c0000000, 0x00000000c5700000, 0x00000000eab00000)
  object space 89088K, 50% used [0x00000000c0000000,0x00000000c2bfdf60,0x00000000c5700000)
 Metaspace       used 56732K, capacity 58476K, committed 58752K, reserved 1099776K
  class space    used 7335K, capacity 7743K, committed 7808K, reserved 1048576K
Event: 979.140 GC heap after
Heap after GC invocations=31 (full 4):
 PSYoungGen      total 125952K, used 5491K [0x00000000eab00000, 0x00000000f4000000, 0x0000000100000000)
  eden space 108032K, 0% used [0x00000000eab00000,0x00000000eab00000,0x00000000f1480000)
  from space 17920K, 30% used [0x00000000f1480000,0x00000000f19dcc40,0x00000000f2600000)
  to   space 16896K, 0% used [0x00000000f2f80000,0x00000000f2f80000,0x00000000f4000000)
 ParOldGen       total 89088K, used 45047K [0x00000000c0000000, 0x00000000c5700000, 0x00000000eab00000)
  object space 89088K, 50% used [0x00000000c0000000,0x00000000c2bfdf60,0x00000000c5700000)
 Metaspace       used 56732K, capacity 58476K, committed 58752K, reserved 1099776K
  class space    used 7335K, capacity 7743K, committed 7808K, reserved 1048576K
}

