# JRE version: OpenJDK Runtime Environment (8.0_112-b06) (build 1.8.0_112-release-b06)
# Java VM: OpenJDK 64-Bit Server VM (25.112-b06 mixed mode windows-amd64 compressed oops)
Heap:
 PSYoungGen      total 139776K, used 47797K [0x00000000eab00000, 0x00000000f5c80000, 0x0000000100000000)
  eden space 116736K, 23% used [0x00000000eab00000,0x00000000ec55a5a8,0x00000000f1d00000)
  from space 23040K, 90% used [0x00000000f1d00000,0x00000000f3152fe8,0x00000000f3380000)
  to   space 26112K, 0% used [0x00000000f4300000,0x00000000f4300000,0x00000000f5c80000)
 ParOldGen       total 86528K, used 43852K [0x00000000c0000000, 0x00000000c5480000, 0x00000000eab00000)
  object space 86528K, 50% used [0x00000000c0000000,0x00000000c2ad3328,0x00000000c5480000)
 Metaspace       used 58862K, capacity 61368K, committed 61440K, reserved 1101824K
  class space    used 7853K, capacity 8433K, committed 8448K, reserved 1048576K
GC Heap History (10 events):
Event: 185.541 GC heap before
{Heap before GC invocations=16 (full 2):
 PSYoungGen      total 99840K, used 99819K [0x00000000eab00000, 0x00000000f2b80000, 0x0000000100000000)
  eden space 88064K, 100% used [0x00000000eab00000,0x00000000f0100000,0x00000000f0100000)
  from space 11776K, 99% used [0x00000000f0100000,0x00000000f0c7af00,0x00000000f0c80000)
  to   space 14336K, 0% used [0x00000000f1d80000,0x00000000f1d80000,0x00000000f2b80000)
 ParOldGen       total 44032K, used 17612K [0x00000000c0000000, 0x00000000c2b00000, 0x00000000eab00000)
  object space 44032K, 40% used [0x00000000c0000000,0x00000000c1133348,0x00000000c2b00000)
 Metaspace       used 48931K, capacity 50446K, committed 50688K, reserved 1093632K
  class space    used 6578K, capacity 6906K, committed 6912K, reserved 1048576K
Event: 185.647 GC heap after
Heap after GC invocations=16 (full 2):
 PSYoungGen      total 115200K, used 12916K [0x00000000eab00000, 0x00000000f2c80000, 0x0000000100000000)
  eden space 100864K, 0% used [0x00000000eab00000,0x00000000eab00000,0x00000000f0d80000)
  from space 14336K, 90% used [0x00000000f1d80000,0x00000000f2a1d2e8,0x00000000f2b80000)
  to   space 15872K, 0% used [0x00000000f0d80000,0x00000000f0d80000,0x00000000f1d00000)
 ParOldGen       total 44032K, used 23356K [0x00000000c0000000, 0x00000000c2b00000, 0x00000000eab00000)
  object space 44032K, 53% used [0x00000000c0000000,0x00000000c16cf0d8,0x00000000c2b00000)
 Metaspace       used 48931K, capacity 50446K, committed 50688K, reserved 1093632K
  class space    used 6578K, capacity 6906K, committed 6912K, reserved 1048576K
}
Event: 203.527 GC heap before
{Heap before GC invocations=17 (full 2):
 PSYoungGen      total 115200K, used 113780K [0x00000000eab00000, 0x00000000f2c80000, 0x0000000100000000)
  eden space 100864K, 100% used [0x00000000eab00000,0x00000000f0d80000,0x00000000f0d80000)
  from space 14336K, 90% used [0x00000000f1d80000,0x00000000f2a1d2e8,0x00000000f2b80000)
  to   space 15872K, 0% used [0x00000000f0d80000,0x00000000f0d80000,0x00000000f1d00000)
 ParOldGen       total 44032K, used 23356K [0x00000000c0000000, 0x00000000c2b00000, 0x00000000eab00000)
  object space 44032K, 53% used [0x00000000c0000000,0x00000000c16cf0d8,0x00000000c2b00000)
 Metaspace       used 51166K, capacity 52908K, committed 52992K, reserved 1095680K
  class space    used 6988K, capacity 7424K, committed 7424K, reserved 1048576K
Event: 203.814 GC heap after
Heap after GC invocations=17 (full 2):
 PSYoungGen      total 116736K, used 15842K [0x00000000eab00000, 0x00000000f4a00000, 0x0000000100000000)
  eden space 100864K, 0% used [0x00000000eab00000,0x00000000eab00000,0x00000000f0d80000)
  from space 15872K, 99% used [0x00000000f0d80000,0x00000000f1cf88d0,0x00000000f1d00000)
  to   space 21504K, 0% used [0x00000000f3500000,0x00000000f3500000,0x00000000f4a00000)
 ParOldGen       total 44032K, used 31106K [0x00000000c0000000, 0x00000000c2b00000, 0x00000000eab00000)
  object space 44032K, 70% used [0x00000000c0000000,0x00000000c1e60918,0x00000000c2b00000)
 Metaspace       used 51166K, capacity 52908K, committed 52992K, reserved 1095680K
  class space    used 6988K, capacity 7424K, committed 7424K, reserved 1048576K
}
Event: 294.116 GC heap before
{Heap before GC invocations=18 (full 2):
 PSYoungGen      total 116736K, used 116706K [0x00000000eab00000, 0x00000000f4a00000, 0x0000000100000000)
  eden space 100864K, 100% used [0x00000000eab00000,0x00000000f0d80000,0x00000000f0d80000)
  from space 15872K, 99% used [0x00000000f0d80000,0x00000000f1cf88d0,0x00000000f1d00000)
  to   space 21504K, 0% used [0x00000000f3500000,0x00000000f3500000,0x00000000f4a00000)
 ParOldGen       total 44032K, used 31106K [0x00000000c0000000, 0x00000000c2b00000, 0x00000000eab00000)
  object space 44032K, 70% used [0x00000000c0000000,0x00000000c1e60918,0x00000000c2b00000)
 Metaspace       used 55599K, capacity 57956K, committed 58112K, reserved 1099776K
  class space    used 7511K, capacity 8105K, committed 8192K, reserved 1048576K
Event: 294.199 GC heap after
Heap after GC invocations=18 (full 2):
 PSYoungGen      total 138240K, used 16414K [0x00000000eab00000, 0x00000000f4a00000, 0x0000000100000000)
  eden space 116736K, 0% used [0x00000000eab00000,0x00000000eab00000,0x00000000f1d00000)
  from space 21504K, 76% used [0x00000000f3500000,0x00000000f4507848,0x00000000f4a00000)
  to   space 23040K, 0% used [0x00000000f1d00000,0x00000000f1d00000,0x00000000f3380000)
 ParOldGen       total 44032K, used 37190K [0x00000000c0000000, 0x00000000c2b00000, 0x00000000eab00000)
  object space 44032K, 84% used [0x00000000c0000000,0x00000000c2451a38,0x00000000c2b00000)
 Metaspace       used 55599K, capacity 57956K, committed 58112K, reserved 1099776K
  class space    used 7511K, capacity 8105K, committed 8192K, reserved 1048576K
}
Event: 294.199 GC heap before
{Heap before GC invocations=19 (full 3):
 PSYoungGen      total 138240K, used 16414K [0x00000000eab00000, 0x00000000f4a00000, 0x0000000100000000)
  eden space 116736K, 0% used [0x00000000eab00000,0x00000000eab00000,0x00000000f1d00000)
  from space 21504K, 76% used [0x00000000f3500000,0x00000000f4507848,0x00000000f4a00000)
  to   space 23040K, 0% used [0x00000000f1d00000,0x00000000f1d00000,0x00000000f3380000)
 ParOldGen       total 44032K, used 37190K [0x00000000c0000000, 0x00000000c2b00000, 0x00000000eab00000)
  object space 44032K, 84% used [0x00000000c0000000,0x00000000c2451a38,0x00000000c2b00000)
 Metaspace       used 55599K, capacity 57956K, committed 58112K, reserved 1099776K
  class space    used 7511K, capacity 8105K, committed 8192K, reserved 1048576K
Event: 295.267 GC heap after
Heap after GC invocations=19 (full 3):
 PSYoungGen      total 138240K, used 0K [0x00000000eab00000, 0x00000000f4a00000, 0x0000000100000000)
  eden space 116736K, 0% used [0x00000000eab00000,0x00000000eab00000,0x00000000f1d00000)
  from space 21504K, 0% used [0x00000000f3500000,0x00000000f3500000,0x00000000f4a00000)
  to   space 23040K, 0% used [0x00000000f1d00000,0x00000000f1d00000,0x00000000f3380000)
 ParOldGen       total 86528K, used 43844K [0x00000000c0000000, 0x00000000c5480000, 0x00000000eab00000)
  object space 86528K, 50% used [0x00000000c0000000,0x00000000c2ad1328,0x00000000c5480000)
 Metaspace       used 55599K, capacity 57956K, committed 58112K, reserved 1099776K
  class space    used 7511K, capacity 8105K, committed 8192K, reserved 1048576K
}
Event: 379.896 GC heap before
{Heap before GC invocations=20 (full 3):
 PSYoungGen      total 138240K, used 116736K [0x00000000eab00000, 0x00000000f4a00000, 0x0000000100000000)
  eden space 116736K, 100% used [0x00000000eab00000,0x00000000f1d00000,0x00000000f1d00000)
  from space 21504K, 0% used [0x00000000f3500000,0x00000000f3500000,0x00000000f4a00000)
  to   space 23040K, 0% used [0x00000000f1d00000,0x00000000f1d00000,0x00000000f3380000)
 ParOldGen       total 86528K, used 43844K [0x00000000c0000000, 0x00000000c5480000, 0x00000000eab00000)
  object space 86528K, 50% used [0x00000000c0000000,0x00000000c2ad1328,0x00000000c5480000)
 Metaspace       used 58204K, capacity 60714K, committed 60928K, reserved 1101824K
  class space    used 7775K, capacity 8366K, committed 8448K, reserved 1048576K
Event: 380.115 GC heap after
Heap after GC invocations=20 (full 3):
 PSYoungGen      total 139776K, used 20811K [0x00000000eab00000, 0x00000000f5c80000, 0x0000000100000000)
  eden space 116736K, 0% used [0x00000000eab00000,0x00000000eab00000,0x00000000f1d00000)
  from space 23040K, 90% used [0x00000000f1d00000,0x00000000f3152fe8,0x00000000f3380000)
  to   space 26112K, 0% used [0x00000000f4300000,0x00000000f4300000,0x00000000f5c80000)
 ParOldGen       total 86528K, used 43852K [0x00000000c0000000, 0x00000000c5480000, 0x00000000eab00000)
  object space 86528K, 50% used [0x00000000c0000000,0x00000000c2ad3328,0x00000000c5480000)
 Metaspace       used 58204K, capacity 60714K, committed 60928K, reserved 1101824K
  class space    used 7775K, capacity 8366K, committed 8448K, reserved 1048576K
}

