# JRE version: OpenJDK Runtime Environment (8.0_112-b06) (build 1.8.0_112-release-b06)
# Java VM: OpenJDK 64-Bit Server VM (25.112-b06 mixed mode windows-amd64 compressed oops)
Heap:
 PSYoungGen      total 135168K, used 116405K [0x00000000eab00000, 0x00000000f5500000, 0x0000000100000000)
  eden space 119296K, 97% used [0x00000000eab00000,0x00000000f1cad678,0x00000000f1f80000)
  from space 15872K, 0% used [0x00000000f1f80000,0x00000000f1f80000,0x00000000f2f00000)
  to   space 17920K, 0% used [0x00000000f4380000,0x00000000f4380000,0x00000000f5500000)
 ParOldGen       total 74240K, used 37468K [0x00000000c0000000, 0x00000000c4880000, 0x00000000eab00000)
  object space 74240K, 50% used [0x00000000c0000000,0x00000000c24970b0,0x00000000c4880000)
 Metaspace       used 62111K, capacity 64486K, committed 64664K, reserved 1105920K
  class space    used 8203K, capacity 8773K, committed 8856K, reserved 1048576K
GC Heap History (10 events):
Event: 29.991 GC heap before
{Heap before GC invocations=14 (full 2):
 PSYoungGen      total 97792K, used 92689K [0x00000000eab00000, 0x00000000f2700000, 0x0000000100000000)
  eden space 86016K, 100% used [0x00000000eab00000,0x00000000eff00000,0x00000000eff00000)
  from space 11776K, 56% used [0x00000000eff00000,0x00000000f0584460,0x00000000f0a80000)
  to   space 11776K, 0% used [0x00000000f1b80000,0x00000000f1b80000,0x00000000f2700000)
 ParOldGen       total 43520K, used 18436K [0x00000000c0000000, 0x00000000c2a80000, 0x00000000eab00000)
  object space 43520K, 42% used [0x00000000c0000000,0x00000000c12011d0,0x00000000c2a80000)
 Metaspace       used 44991K, capacity 45916K, committed 46080K, reserved 1089536K
  class space    used 5859K, capacity 6101K, committed 6144K, reserved 1048576K
Event: 30.035 GC heap after
Heap after GC invocations=14 (full 2):
 PSYoungGen      total 113152K, used 11763K [0x00000000eab00000, 0x00000000f2c00000, 0x0000000100000000)
  eden space 101376K, 0% used [0x00000000eab00000,0x00000000eab00000,0x00000000f0e00000)
  from space 11776K, 99% used [0x00000000f1b80000,0x00000000f26fcd10,0x00000000f2700000)
  to   space 13824K, 0% used [0x00000000f0e00000,0x00000000f0e00000,0x00000000f1b80000)
 ParOldGen       total 43520K, used 18964K [0x00000000c0000000, 0x00000000c2a80000, 0x00000000eab00000)
  object space 43520K, 43% used [0x00000000c0000000,0x00000000c12852a8,0x00000000c2a80000)
 Metaspace       used 44991K, capacity 45916K, committed 46080K, reserved 1089536K
  class space    used 5859K, capacity 6101K, committed 6144K, reserved 1048576K
}
Event: 39.699 GC heap before
{Heap before GC invocations=15 (full 2):
 PSYoungGen      total 113152K, used 113139K [0x00000000eab00000, 0x00000000f2c00000, 0x0000000100000000)
  eden space 101376K, 100% used [0x00000000eab00000,0x00000000f0e00000,0x00000000f0e00000)
  from space 11776K, 99% used [0x00000000f1b80000,0x00000000f26fcd10,0x00000000f2700000)
  to   space 13824K, 0% used [0x00000000f0e00000,0x00000000f0e00000,0x00000000f1b80000)
 ParOldGen       total 43520K, used 18964K [0x00000000c0000000, 0x00000000c2a80000, 0x00000000eab00000)
  object space 43520K, 43% used [0x00000000c0000000,0x00000000c12852a8,0x00000000c2a80000)
 Metaspace       used 51605K, capacity 52820K, committed 52864K, reserved 1095680K
  class space    used 6727K, capacity 6998K, committed 7040K, reserved 1048576K
Event: 39.792 GC heap after
Heap after GC invocations=15 (full 2):
 PSYoungGen      total 115200K, used 7456K [0x00000000eab00000, 0x00000000f3e00000, 0x0000000100000000)
  eden space 101376K, 0% used [0x00000000eab00000,0x00000000eab00000,0x00000000f0e00000)
  from space 13824K, 53% used [0x00000000f0e00000,0x00000000f15480c8,0x00000000f1b80000)
  to   space 13824K, 0% used [0x00000000f3080000,0x00000000f3080000,0x00000000f3e00000)
 ParOldGen       total 43520K, used 28079K [0x00000000c0000000, 0x00000000c2a80000, 0x00000000eab00000)
  object space 43520K, 64% used [0x00000000c0000000,0x00000000c1b6bd18,0x00000000c2a80000)
 Metaspace       used 51605K, capacity 52820K, committed 52864K, reserved 1095680K
  class space    used 6727K, capacity 6998K, committed 7040K, reserved 1048576K
}
Event: 70.446 GC heap before
{Heap before GC invocations=16 (full 2):
 PSYoungGen      total 115200K, used 108832K [0x00000000eab00000, 0x00000000f3e00000, 0x0000000100000000)
  eden space 101376K, 100% used [0x00000000eab00000,0x00000000f0e00000,0x00000000f0e00000)
  from space 13824K, 53% used [0x00000000f0e00000,0x00000000f15480c8,0x00000000f1b80000)
  to   space 13824K, 0% used [0x00000000f3080000,0x00000000f3080000,0x00000000f3e00000)
 ParOldGen       total 43520K, used 28079K [0x00000000c0000000, 0x00000000c2a80000, 0x00000000eab00000)
  object space 43520K, 64% used [0x00000000c0000000,0x00000000c1b6bd18,0x00000000c2a80000)
 Metaspace       used 55765K, capacity 57514K, committed 57728K, reserved 1099776K
  class space    used 7305K, capacity 7685K, committed 7808K, reserved 1048576K
Event: 70.491 GC heap after
Heap after GC invocations=16 (full 2):
 PSYoungGen      total 133120K, used 13272K [0x00000000eab00000, 0x00000000f3e80000, 0x0000000100000000)
  eden space 119296K, 0% used [0x00000000eab00000,0x00000000eab00000,0x00000000f1f80000)
  from space 13824K, 96% used [0x00000000f3080000,0x00000000f3d762d8,0x00000000f3e00000)
  to   space 15872K, 0% used [0x00000000f1f80000,0x00000000f1f80000,0x00000000f2f00000)
 ParOldGen       total 43520K, used 28087K [0x00000000c0000000, 0x00000000c2a80000, 0x00000000eab00000)
  object space 43520K, 64% used [0x00000000c0000000,0x00000000c1b6dd18,0x00000000c2a80000)
 Metaspace       used 55765K, capacity 57514K, committed 57728K, reserved 1099776K
  class space    used 7305K, capacity 7685K, committed 7808K, reserved 1048576K
}
Event: 86.060 GC heap before
{Heap before GC invocations=17 (full 2):
 PSYoungGen      total 133120K, used 58312K [0x00000000eab00000, 0x00000000f3e80000, 0x0000000100000000)
  eden space 119296K, 37% used [0x00000000eab00000,0x00000000ed6fbff0,0x00000000f1f80000)
  from space 13824K, 96% used [0x00000000f3080000,0x00000000f3d762d8,0x00000000f3e00000)
  to   space 15872K, 0% used [0x00000000f1f80000,0x00000000f1f80000,0x00000000f2f00000)
 ParOldGen       total 43520K, used 28087K [0x00000000c0000000, 0x00000000c2a80000, 0x00000000eab00000)
  object space 43520K, 64% used [0x00000000c0000000,0x00000000c1b6dd18,0x00000000c2a80000)
 Metaspace       used 57263K, capacity 58974K, committed 59160K, reserved 1099776K
  class space    used 7557K, capacity 7938K, committed 7960K, reserved 1048576K
Event: 86.121 GC heap after
Heap after GC invocations=17 (full 2):
 PSYoungGen      total 135168K, used 14599K [0x00000000eab00000, 0x00000000f5500000, 0x0000000100000000)
  eden space 119296K, 0% used [0x00000000eab00000,0x00000000eab00000,0x00000000f1f80000)
  from space 15872K, 91% used [0x00000000f1f80000,0x00000000f2dc1d18,0x00000000f2f00000)
  to   space 17920K, 0% used [0x00000000f4380000,0x00000000f4380000,0x00000000f5500000)
 ParOldGen       total 43520K, used 28095K [0x00000000c0000000, 0x00000000c2a80000, 0x00000000eab00000)
  object space 43520K, 64% used [0x00000000c0000000,0x00000000c1b6fd18,0x00000000c2a80000)
 Metaspace       used 57263K, capacity 58974K, committed 59160K, reserved 1099776K
  class space    used 7557K, capacity 7938K, committed 7960K, reserved 1048576K
}
Event: 86.121 GC heap before
{Heap before GC invocations=18 (full 3):
 PSYoungGen      total 135168K, used 14599K [0x00000000eab00000, 0x00000000f5500000, 0x0000000100000000)
  eden space 119296K, 0% used [0x00000000eab00000,0x00000000eab00000,0x00000000f1f80000)
  from space 15872K, 91% used [0x00000000f1f80000,0x00000000f2dc1d18,0x00000000f2f00000)
  to   space 17920K, 0% used [0x00000000f4380000,0x00000000f4380000,0x00000000f5500000)
 ParOldGen       total 43520K, used 28095K [0x00000000c0000000, 0x00000000c2a80000, 0x00000000eab00000)
  object space 43520K, 64% used [0x00000000c0000000,0x00000000c1b6fd18,0x00000000c2a80000)
 Metaspace       used 57263K, capacity 58974K, committed 59160K, reserved 1099776K
  class space    used 7557K, capacity 7938K, committed 7960K, reserved 1048576K
Event: 86.721 GC heap after
Heap after GC invocations=18 (full 3):
 PSYoungGen      total 135168K, used 0K [0x00000000eab00000, 0x00000000f5500000, 0x0000000100000000)
  eden space 119296K, 0% used [0x00000000eab00000,0x00000000eab00000,0x00000000f1f80000)
  from space 15872K, 0% used [0x00000000f1f80000,0x00000000f1f80000,0x00000000f2f00000)
  to   space 17920K, 0% used [0x00000000f4380000,0x00000000f4380000,0x00000000f5500000)
 ParOldGen       total 74240K, used 37468K [0x00000000c0000000, 0x00000000c4880000, 0x00000000eab00000)
  object space 74240K, 50% used [0x00000000c0000000,0x00000000c24970b0,0x00000000c4880000)
 Metaspace       used 57221K, capacity 58868K, committed 59160K, reserved 1099776K
  class space    used 7545K, capacity 7924K, committed 7960K, reserved 1048576K
}

