# JRE version: OpenJDK Runtime Environment (8.0_112-b06) (build 1.8.0_112-release-b06)
# Java VM: OpenJDK 64-Bit Server VM (25.112-b06 mixed mode windows-amd64 compressed oops)
Heap:
 PSYoungGen      total 102400K, used 26329K [0x00000000eab00000, 0x00000000f2800000, 0x0000000100000000)
  eden space 87552K, 15% used [0x00000000eab00000,0x00000000eb82d470,0x00000000f0080000)
  from space 14848K, 86% used [0x00000000f0080000,0x00000000f0d090f0,0x00000000f0f00000)
  to   space 16384K, 0% used [0x00000000f1800000,0x00000000f1800000,0x00000000f2800000)
 ParOldGen       total 80896K, used 61348K [0x00000000c0000000, 0x00000000c4f00000, 0x00000000eab00000)
  object space 80896K, 75% used [0x00000000c0000000,0x00000000c3be9180,0x00000000c4f00000)
 Metaspace       used 65068K, capacity 67642K, committed 67840K, reserved 1107968K
  class space    used 8512K, capacity 9165K, committed 9216K, reserved 1048576K
GC Heap History (10 events):
Event: 179.520 GC heap before
{Heap before GC invocations=37 (full 3):
 PSYoungGen      total 81408K, used 80985K [0x00000000eab00000, 0x00000000f0f00000, 0x0000000100000000)
  eden space 71680K, 100% used [0x00000000eab00000,0x00000000ef100000,0x00000000ef100000)
  from space 9728K, 95% used [0x00000000ef100000,0x00000000efa16778,0x00000000efa80000)
  to   space 10752K, 0% used [0x00000000f0480000,0x00000000f0480000,0x00000000f0f00000)
 ParOldGen       total 51200K, used 43421K [0x00000000c0000000, 0x00000000c3200000, 0x00000000eab00000)
  object space 51200K, 84% used [0x00000000c0000000,0x00000000c2a675c8,0x00000000c3200000)
 Metaspace       used 62568K, capacity 65168K, committed 65280K, reserved 1105920K
  class space    used 8279K, capacity 8890K, committed 8960K, reserved 1048576K
Event: 179.584 GC heap after
Heap after GC invocations=37 (full 3):
 PSYoungGen      total 89600K, used 4720K [0x00000000eab00000, 0x00000000f0d80000, 0x0000000100000000)
  eden space 80384K, 0% used [0x00000000eab00000,0x00000000eab00000,0x00000000ef980000)
  from space 9216K, 51% used [0x00000000f0480000,0x00000000f091c030,0x00000000f0d80000)
  to   space 10240K, 0% used [0x00000000ef980000,0x00000000ef980000,0x00000000f0380000)
 ParOldGen       total 51200K, used 50604K [0x00000000c0000000, 0x00000000c3200000, 0x00000000eab00000)
  object space 51200K, 98% used [0x00000000c0000000,0x00000000c316b268,0x00000000c3200000)
 Metaspace       used 62568K, capacity 65168K, committed 65280K, reserved 1105920K
  class space    used 8279K, capacity 8890K, committed 8960K, reserved 1048576K
}
Event: 179.585 GC heap before
{Heap before GC invocations=38 (full 4):
 PSYoungGen      total 89600K, used 4720K [0x00000000eab00000, 0x00000000f0d80000, 0x0000000100000000)
  eden space 80384K, 0% used [0x00000000eab00000,0x00000000eab00000,0x00000000ef980000)
  from space 9216K, 51% used [0x00000000f0480000,0x00000000f091c030,0x00000000f0d80000)
  to   space 10240K, 0% used [0x00000000ef980000,0x00000000ef980000,0x00000000f0380000)
 ParOldGen       total 51200K, used 50604K [0x00000000c0000000, 0x00000000c3200000, 0x00000000eab00000)
  object space 51200K, 98% used [0x00000000c0000000,0x00000000c316b268,0x00000000c3200000)
 Metaspace       used 62568K, capacity 65168K, committed 65280K, reserved 1105920K
  class space    used 8279K, capacity 8890K, committed 8960K, reserved 1048576K
Event: 180.576 GC heap after
Heap after GC invocations=38 (full 4):
 PSYoungGen      total 89600K, used 0K [0x00000000eab00000, 0x00000000f0d80000, 0x0000000100000000)
  eden space 80384K, 0% used [0x00000000eab00000,0x00000000eab00000,0x00000000ef980000)
  from space 9216K, 0% used [0x00000000f0480000,0x00000000f0480000,0x00000000f0d80000)
  to   space 10240K, 0% used [0x00000000ef980000,0x00000000ef980000,0x00000000f0380000)
 ParOldGen       total 80896K, used 47526K [0x00000000c0000000, 0x00000000c4f00000, 0x00000000eab00000)
  object space 80896K, 58% used [0x00000000c0000000,0x00000000c2e69990,0x00000000c4f00000)
 Metaspace       used 62568K, capacity 65168K, committed 65280K, reserved 1105920K
  class space    used 8279K, capacity 8890K, committed 8960K, reserved 1048576K
}
Event: 297.754 GC heap before
{Heap before GC invocations=39 (full 4):
 PSYoungGen      total 89600K, used 80384K [0x00000000eab00000, 0x00000000f0d80000, 0x0000000100000000)
  eden space 80384K, 100% used [0x00000000eab00000,0x00000000ef980000,0x00000000ef980000)
  from space 9216K, 0% used [0x00000000f0480000,0x00000000f0480000,0x00000000f0d80000)
  to   space 10240K, 0% used [0x00000000ef980000,0x00000000ef980000,0x00000000f0380000)
 ParOldGen       total 80896K, used 47526K [0x00000000c0000000, 0x00000000c4f00000, 0x00000000eab00000)
  object space 80896K, 58% used [0x00000000c0000000,0x00000000c2e69990,0x00000000c4f00000)
 Metaspace       used 64011K, capacity 66584K, committed 66688K, reserved 1107968K
  class space    used 8418K, capacity 9032K, committed 9088K, reserved 1048576K
Event: 297.796 GC heap after
Heap after GC invocations=39 (full 4):
 PSYoungGen      total 90624K, used 10224K [0x00000000eab00000, 0x00000000f1c00000, 0x0000000100000000)
  eden space 80384K, 0% used [0x00000000eab00000,0x00000000eab00000,0x00000000ef980000)
  from space 10240K, 99% used [0x00000000ef980000,0x00000000f037c010,0x00000000f0380000)
  to   space 13312K, 0% used [0x00000000f0f00000,0x00000000f0f00000,0x00000000f1c00000)
 ParOldGen       total 80896K, used 51059K [0x00000000c0000000, 0x00000000c4f00000, 0x00000000eab00000)
  object space 80896K, 63% used [0x00000000c0000000,0x00000000c31dcd20,0x00000000c4f00000)
 Metaspace       used 64011K, capacity 66584K, committed 66688K, reserved 1107968K
  class space    used 8418K, capacity 9032K, committed 9088K, reserved 1048576K
}
Event: 323.668 GC heap before
{Heap before GC invocations=40 (full 4):
 PSYoungGen      total 90624K, used 90608K [0x00000000eab00000, 0x00000000f1c00000, 0x0000000100000000)
  eden space 80384K, 100% used [0x00000000eab00000,0x00000000ef980000,0x00000000ef980000)
  from space 10240K, 99% used [0x00000000ef980000,0x00000000f037c010,0x00000000f0380000)
  to   space 13312K, 0% used [0x00000000f0f00000,0x00000000f0f00000,0x00000000f1c00000)
 ParOldGen       total 80896K, used 51059K [0x00000000c0000000, 0x00000000c4f00000, 0x00000000eab00000)
  object space 80896K, 63% used [0x00000000c0000000,0x00000000c31dcd20,0x00000000c4f00000)
 Metaspace       used 64459K, capacity 67110K, committed 67328K, reserved 1107968K
  class space    used 8449K, capacity 9097K, committed 9216K, reserved 1048576K
Event: 323.728 GC heap after
Heap after GC invocations=40 (full 4):
 PSYoungGen      total 100864K, used 12268K [0x00000000eab00000, 0x00000000f1e00000, 0x0000000100000000)
  eden space 87552K, 0% used [0x00000000eab00000,0x00000000eab00000,0x00000000f0080000)
  from space 13312K, 92% used [0x00000000f0f00000,0x00000000f1afb3d8,0x00000000f1c00000)
  to   space 14848K, 0% used [0x00000000f0080000,0x00000000f0080000,0x00000000f0f00000)
 ParOldGen       total 80896K, used 61340K [0x00000000c0000000, 0x00000000c4f00000, 0x00000000eab00000)
  object space 80896K, 75% used [0x00000000c0000000,0x00000000c3be7180,0x00000000c4f00000)
 Metaspace       used 64459K, capacity 67110K, committed 67328K, reserved 1107968K
  class space    used 8449K, capacity 9097K, committed 9216K, reserved 1048576K
}
Event: 527.937 GC heap before
{Heap before GC invocations=41 (full 4):
 PSYoungGen      total 100864K, used 99820K [0x00000000eab00000, 0x00000000f1e00000, 0x0000000100000000)
  eden space 87552K, 100% used [0x00000000eab00000,0x00000000f0080000,0x00000000f0080000)
  from space 13312K, 92% used [0x00000000f0f00000,0x00000000f1afb3d8,0x00000000f1c00000)
  to   space 14848K, 0% used [0x00000000f0080000,0x00000000f0080000,0x00000000f0f00000)
 ParOldGen       total 80896K, used 61340K [0x00000000c0000000, 0x00000000c4f00000, 0x00000000eab00000)
  object space 80896K, 75% used [0x00000000c0000000,0x00000000c3be7180,0x00000000c4f00000)
 Metaspace       used 64763K, capacity 67378K, committed 67584K, reserved 1107968K
  class space    used 8467K, capacity 9099K, committed 9216K, reserved 1048576K
Event: 528.729 GC heap after
Heap after GC invocations=41 (full 4):
 PSYoungGen      total 102400K, used 12836K [0x00000000eab00000, 0x00000000f2800000, 0x0000000100000000)
  eden space 87552K, 0% used [0x00000000eab00000,0x00000000eab00000,0x00000000f0080000)
  from space 14848K, 86% used [0x00000000f0080000,0x00000000f0d090f0,0x00000000f0f00000)
  to   space 16384K, 0% used [0x00000000f1800000,0x00000000f1800000,0x00000000f2800000)
 ParOldGen       total 80896K, used 61348K [0x00000000c0000000, 0x00000000c4f00000, 0x00000000eab00000)
  object space 80896K, 75% used [0x00000000c0000000,0x00000000c3be9180,0x00000000c4f00000)
 Metaspace       used 64763K, capacity 67378K, committed 67584K, reserved 1107968K
  class space    used 8467K, capacity 9099K, committed 9216K, reserved 1048576K
}

